1716308761.607831 2024-05-21 13:26:01 MainProcess-1966 MainThread-140401711445824 parsl.dataflow.dflow:91 __init__ INFO: Starting DataFlowKernel with config
Config(
    app_cache=True, 
    checkpoint_files=None, 
    checkpoint_mode=None, 
    checkpoint_period=None, 
    executors=(ThreadPoolExecutor(
        label='threads', 
        max_threads=2, 
        storage_access=None, 
        thread_name_prefix='', 
        working_dir=None
    ),), 
    garbage_collect=True, 
    initialize_logging=True, 
    internal_tasks_max_threads=10, 
    max_idletime=120.0, 
    monitoring=None, 
    retries=0, 
    retry_handler=None, 
    run_dir='runinfo', 
    std_autopath=None, 
    strategy='simple', 
    strategy_period=5, 
    usage_tracking=False
)
1716308761.608107 2024-05-21 13:26:01 MainProcess-1966 MainThread-140401711445824 parsl.dataflow.dflow:93 __init__ INFO: Parsl version: 2024.05.06
1716308761.608425 2024-05-21 13:26:01 MainProcess-1966 MainThread-140401711445824 parsl.usage_tracking.usage:114 __init__ DEBUG: Tracking status: False
1716308761.608995 2024-05-21 13:26:01 MainProcess-1966 MainThread-140401711445824 parsl.usage_tracking.usage:148 construct_start_message DEBUG: Usage tracking start message: {'correlator': 'b9985297-2572-440c-aa6e-5a4a1db8cd2e', 'parsl_v': '2024.05.06', 'python_v': '3.8.10', 'platform.system': 'Linux', 'start': 1716308761, 'components': [{'c': 'parsl.config.Config', 'executors_len': 1}, 'parsl.executors.threads.ThreadPoolExecutor']}
1716308761.609420 2024-05-21 13:26:01 MainProcess-1966 MainThread-140401711445824 parsl.dataflow.dflow:121 __init__ INFO: Run id is: d766f567-a31d-46ac-8fed-339ad06b2159
1716308761.703865 2024-05-21 13:26:01 MainProcess-1966 MainThread-140401711445824 parsl.dataflow.dflow:128 __init__ DEBUG: Considering candidate for workflow name: /home/lyncoln/Git/similaridade_workflow/venv_linux/lib/python3.8/site-packages/parsl/dataflow/dflow.py
1716308761.703998 2024-05-21 13:26:01 MainProcess-1966 MainThread-140401711445824 parsl.dataflow.dflow:128 __init__ DEBUG: Considering candidate for workflow name: /home/lyncoln/Git/similaridade_workflow/venv_linux/lib/python3.8/site-packages/parsl/dataflow/dflow.py
1716308761.704060 2024-05-21 13:26:01 MainProcess-1966 MainThread-140401711445824 parsl.dataflow.dflow:128 __init__ DEBUG: Considering candidate for workflow name: /tmp/ipykernel_1966/2378268771.py
1716308761.704098 2024-05-21 13:26:01 MainProcess-1966 MainThread-140401711445824 parsl.dataflow.dflow:134 __init__ DEBUG: Using 2378268771.py as workflow name
1716308761.704267 2024-05-21 13:26:01 MainProcess-1966 MainThread-140401711445824 parsl.dataflow.memoization:163 __init__ INFO: App caching initialized
1716308761.704337 2024-05-21 13:26:01 MainProcess-1966 MainThread-140401711445824 parsl.jobs.strategy:145 __init__ DEBUG: Scaling strategy: simple
1716308766.704816 2024-05-21 13:26:06 MainProcess-1966 JobStatusPoller-Timer-Thread-140401379849552-140397390542592 parsl.jobs.strategy:184 _general_strategy DEBUG: general strategy starting with strategy_type simple for 0 executors
1716308766.704989 2024-05-21 13:26:06 MainProcess-1966 JobStatusPoller-Timer-Thread-140401379849552-140397390542592 parsl.process_loggers:28 wrapped DEBUG: Normal ending for _general_strategy on thread JobStatusPoller-Timer-Thread-140401379849552
1716308771.705281 2024-05-21 13:26:11 MainProcess-1966 JobStatusPoller-Timer-Thread-140401379849552-140397390542592 parsl.jobs.strategy:184 _general_strategy DEBUG: general strategy starting with strategy_type simple for 0 executors
1716308771.705405 2024-05-21 13:26:11 MainProcess-1966 JobStatusPoller-Timer-Thread-140401379849552-140397390542592 parsl.process_loggers:28 wrapped DEBUG: Normal ending for _general_strategy on thread JobStatusPoller-Timer-Thread-140401379849552
1716308776.705675 2024-05-21 13:26:16 MainProcess-1966 JobStatusPoller-Timer-Thread-140401379849552-140397390542592 parsl.jobs.strategy:184 _general_strategy DEBUG: general strategy starting with strategy_type simple for 0 executors
1716308776.705802 2024-05-21 13:26:16 MainProcess-1966 JobStatusPoller-Timer-Thread-140401379849552-140397390542592 parsl.process_loggers:28 wrapped DEBUG: Normal ending for _general_strategy on thread JobStatusPoller-Timer-Thread-140401379849552
